
Processing type: jig
Fetching jig - page 1...
Fetching jig - page 2...
Fetching details for tune 55...
Fetching details for tune 71...
Fetching details for tune 9...
Fetching details for tune 108...
Fetching details for tune 19...
Fetching details for tune 5...
Fetching details for tune 106...
Fetching details for tune 60...
Fetching details for tune 62...
Fetching details for tune 12...
Fetching details for tune 15...
Fetching details for tune 111...
Fetching details for tune 92...
Fetching details for tune 76...
Fetching details for tune 702...
Fetching details for tune 256...
Fetching details for tune 67...
Fetching details for tune 793...
Fetching details for tune 29...
Fetching details for tune 582...
Fetching details for tune 88...
Fetching details for tune 307...
Fetching details for tune 107...
Fetching details for tune 381...
Fetching details for tune 447...
Fetching details for tune 544...
Fetching details for tune 35...
Fetching details for tune 43...
Fetching details for tune 26...
Fetching details for tune 89...
Fetching details for tune 56...
Fetching details for tune 45...
Fetching details for tune 109...
Fetching details for tune 829...
Fetching details for tune 139...
Fetching details for tune 210...
Fetching details for tune 308...
Fetching details for tune 84...
Fetching details for tune 151...
Fetching details for tune 335...
Fetching details for tune 476...
Fetching details for tune 448...
Fetching details for tune 160...
Fetching details for tune 81...
Fetching details for tune 91...
Fetching details for tune 382...
Fetching details for tune 667...
Fetching details for tune 1076...
Fetching details for tune 342...
Fetching details for tune 299...
Fetching details for tune 467...
Fetching details for tune 775...
Fetching details for tune 358...
Fetching details for tune 17...
Fetching details for tune 273...
Fetching details for tune 1359...
Fetching details for tune 271...
Fetching details for tune 888...
Fetching details for tune 515...
Fetching details for tune 134...
Fetching details for tune 261...
Fetching details for tune 34...
Fetching details for tune 1080...
Fetching details for tune 228...
Fetching details for tune 397...
Fetching details for tune 728...
Fetching details for tune 332...
Fetching details for tune 101...
Fetching details for tune 1098...
Fetching details for tune 1638...
Fetching details for tune 808...
Fetching details for tune 351...
Fetching details for tune 948...
Fetching details for tune 61...
Fetching details for tune 771...
Fetching details for tune 206...
Fetching details for tune 2204...
Fetching details for tune 6655...
Fetching details for tune 1447...
Fetching details for tune 324...
Fetching details for tune 1497...
Fetching details for tune 401...
Fetching details for tune 264...
Fetching details for tune 37...
Fetching details for tune 3842...
Fetching details for tune 1892...
Fetching details for tune 398...
Fetching details for tune 820...
Fetching details for tune 1077...
Fetching details for tune 232...
Fetching details for tune 333...
Fetching details for tune 319...
Fetching details for tune 217...
Fetching details for tune 2540...
Fetching details for tune 843...
Fetching details for tune 537...
Fetching details for tune 1301...
Fetching details for tune 389...
Fetching details for tune 870...
Fetching details for tune 736...

Processing type: reel
Fetching reel - page 1...
Fetching reel - page 2...
Fetching details for tune 27...
Fetching details for tune 1...
Fetching details for tune 182...
Fetching details for tune 64...
Fetching details for tune 8...
Fetching details for tune 116...
Fetching details for tune 248...
Fetching details for tune 73...
Fetching details for tune 42...
Fetching details for tune 98...
Fetching details for tune 68...
Fetching details for tune 103...
Fetching details for tune 74...
Fetching details for tune 197...
Fetching details for tune 20...
Fetching details for tune 72...
Fetching details for tune 208...
Fetching details for tune 113...
Fetching details for tune 2...
Fetching details for tune 69...
Fetching details for tune 75...
Fetching details for tune 118...
Fetching details for tune 221...
Fetching details for tune 517...
Fetching details for tune 589...
Fetching details for tune 141...
Fetching details for tune 511...
Fetching details for tune 727...
Fetching details for tune 21...
Fetching details for tune 33...
Fetching details for tune 636...
Fetching details for tune 462...
Fetching details for tune 543...
Fetching details for tune 560...
Fetching details for tune 86...
Fetching details for tune 222...
Fetching details for tune 518...
Fetching details for tune 399...
Fetching details for tune 114...
Fetching details for tune 87...
Fetching details for tune 430...
Fetching details for tune 646...
Fetching details for tune 138...
Fetching details for tune 18...
Fetching details for tune 115...
Fetching details for tune 432...
Fetching details for tune 188...
Fetching details for tune 570...
Fetching details for tune 791...
Fetching details for tune 726...
Fetching details for tune 105...
Fetching details for tune 857...
Fetching details for tune 99...
Fetching details for tune 605...
Fetching details for tune 219...
Fetching details for tune 602...
Fetching details for tune 5270...
Fetching details for tune 440...
Fetching details for tune 2549...
Fetching details for tune 756...
Fetching details for tune 346...
Fetching details for tune 703...
Fetching details for tune 363...
Fetching details for tune 410...
Fetching details for tune 1977...
Fetching details for tune 2221...
Fetching details for tune 44...
Fetching details for tune 891...
Fetching details for tune 11...
Fetching details for tune 1499...
Fetching details for tune 471...
Fetching details for tune 496...
Fetching details for tune 112...
Fetching details for tune 788...
Fetching details for tune 36...
Fetching details for tune 236...
Fetching details for tune 120...
Fetching details for tune 24...
Fetching details for tune 249...
Fetching details for tune 629...
Fetching details for tune 477...
Fetching details for tune 812...
Fetching details for tune 718...
Fetching details for tune 77...
Fetching details for tune 240...
Fetching details for tune 58...
Fetching details for tune 166...
Fetching details for tune 828...
Fetching details for tune 321...
Fetching details for tune 579...
Fetching details for tune 1552...
Fetching details for tune 733...
Fetching details for tune 424...
Fetching details for tune 408...
Fetching details for tune 1316...
Fetching details for tune 696...
Fetching details for tune 5758...
Fetching details for tune 302...
Fetching details for tune 423...
Fetching details for tune 637...

Processing type: slip jig
Fetching slip jig - page 1...
Fetching slip jig - page 2...
Fetching details for tune 10...
Fetching details for tune 52...
Fetching details for tune 750...
Fetching details for tune 593...
Fetching details for tune 482...
Fetching details for tune 2410...
Fetching details for tune 879...
Fetching details for tune 48...
Fetching details for tune 104...
Fetching details for tune 388...
Fetching details for tune 612...
Fetching details for tune 93...
Fetching details for tune 46...
Fetching details for tune 953...
Fetching details for tune 635...
Fetching details for tune 1340...
Fetching details for tune 148...
Fetching details for tune 378...
Fetching details for tune 661...
Fetching details for tune 1030...
Fetching details for tune 9196...
Fetching details for tune 527...
Fetching details for tune 4712...
Fetching details for tune 5411...
Fetching details for tune 1756...
Fetching details for tune 28...
Fetching details for tune 2620...
Fetching details for tune 191...
Fetching details for tune 1145...
Fetching details for tune 409...
Fetching details for tune 276...
Fetching details for tune 1429...
Fetching details for tune 988...
Fetching details for tune 1374...
Fetching details for tune 1901...
Fetching details for tune 4323...
Fetching details for tune 598...
Fetching details for tune 1327...
Fetching details for tune 428...
Fetching details for tune 2337...
Fetching details for tune 10881...
Fetching details for tune 1064...
Fetching details for tune 266...
Fetching details for tune 8007...
Fetching details for tune 2743...
Fetching details for tune 169...
Fetching details for tune 2087...
Fetching details for tune 1536...
Fetching details for tune 2923...
Fetching details for tune 3019...
Fetching details for tune 2668...
Fetching details for tune 1023...
Fetching details for tune 1550...
Fetching details for tune 5972...
Fetching details for tune 1538...
Fetching details for tune 3261...
Fetching details for tune 204...
Fetching details for tune 1714...
Fetching details for tune 3653...
Fetching details for tune 13537...
Fetching details for tune 425...
Fetching details for tune 3340...
Fetching details for tune 7927...
Fetching details for tune 8980...
Fetching details for tune 4370...
Fetching details for tune 9853...
Fetching details for tune 8976...
Fetching details for tune 10319...
Fetching details for tune 9077...
Fetching details for tune 8479...
Fetching details for tune 6142...
Fetching details for tune 13286...
Fetching details for tune 4042...
Fetching details for tune 10466...
Fetching details for tune 8492...
Fetching details for tune 1492...
Fetching details for tune 5909...
Fetching details for tune 3576...
Fetching details for tune 279...
Fetching details for tune 3599...
Fetching details for tune 2608...
Fetching details for tune 5347...
Fetching details for tune 4833...
Fetching details for tune 5746...
Fetching details for tune 9522...
Fetching details for tune 10193...
Fetching details for tune 1179...
Fetching details for tune 5745...
Fetching details for tune 2143...
Fetching details for tune 1196...
Fetching details for tune 5835...
Fetching details for tune 3297...
Fetching details for tune 3244...
Fetching details for tune 2388...
Fetching details for tune 11228...
Fetching details for tune 854...
Fetching details for tune 8034...
Fetching details for tune 1757...
Fetching details for tune 19119...
Fetching details for tune 3864...

Processing type: hornpipe
Fetching hornpipe - page 1...
Fetching hornpipe - page 2...
Fetching details for tune 83...
Fetching details for tune 475...
Fetching details for tune 49...
Fetching details for tune 651...
Fetching details for tune 30...
Fetching details for tune 566...
Fetching details for tune 13...
Fetching details for tune 310...
Fetching details for tune 1356...
Fetching details for tune 478...
Fetching details for tune 872...
Fetching details for tune 82...
Fetching details for tune 38...
Fetching details for tune 980...
Fetching details for tune 869...
Fetching details for tune 4...
Fetching details for tune 652...
Fetching details for tune 1263...
Fetching details for tune 1285...
Fetching details for tune 1104...
Fetching details for tune 1500...
Fetching details for tune 553...
Fetching details for tune 663...
Fetching details for tune 841...
Fetching details for tune 2170...
Fetching details for tune 1097...
Fetching details for tune 974...
Fetching details for tune 2224...
Fetching details for tune 1802...
Fetching details for tune 2020...
Fetching details for tune 223...
Fetching details for tune 996...
Fetching details for tune 666...
Fetching details for tune 1927...
Fetching details for tune 2344...
Fetching details for tune 2395...
Fetching details for tune 130...
Fetching details for tune 3453...
Fetching details for tune 4101...
Fetching details for tune 1262...
Fetching details for tune 3250...
Fetching details for tune 309...
Fetching details for tune 337...
Fetching details for tune 445...
Fetching details for tune 785...
Fetching details for tune 1061...
Fetching details for tune 2117...
Fetching details for tune 1985...
Fetching details for tune 945...
Fetching details for tune 1038...
Fetching details for tune 312...
Fetching details for tune 2580...
Fetching details for tune 6682...
Fetching details for tune 1980...
Fetching details for tune 3786...
Fetching details for tune 149...
Fetching details for tune 2332...
Fetching details for tune 1605...
Fetching details for tune 419...
Fetching details for tune 1052...
Fetching details for tune 1464...
Fetching details for tune 1921...
Fetching details for tune 32...
Fetching details for tune 665...
Fetching details for tune 1636...
Fetching details for tune 1966...
Fetching details for tune 1107...
Fetching details for tune 5675...
Fetching details for tune 1668...
Fetching details for tune 1755...
Fetching details for tune 573...
Fetching details for tune 2307...
Fetching details for tune 2261...
Fetching details for tune 1408...
Fetching details for tune 774...
Fetching details for tune 5021...
Fetching details for tune 4353...
Fetching details for tune 1143...
Fetching details for tune 412...
Fetching details for tune 4184...
Fetching details for tune 1777...
Fetching details for tune 624...
Fetching details for tune 922...
Fetching details for tune 272...
Fetching details for tune 465...
Fetching details for tune 3564...
Fetching details for tune 2466...
Fetching details for tune 386...
Fetching details for tune 4953...
Fetching details for tune 3459...
Fetching details for tune 2761...
Fetching details for tune 8698...
Fetching details for tune 3175...
Fetching details for tune 8755...
Fetching details for tune 508...
Fetching details for tune 2157...
Fetching details for tune 5080...
Fetching details for tune 3146...
Fetching details for tune 952...
Fetching details for tune 2435...

Processing type: polka
Fetching polka - page 1...
Fetching polka - page 2...
Fetching details for tune 441...
Fetching details for tune 1075...
Fetching details for tune 39...
Fetching details for tune 238...
Fetching details for tune 291...
Fetching details for tune 357...
Fetching details for tune 85...
Fetching details for tune 481...
Fetching details for tune 239...
Fetching details for tune 706...
Fetching details for tune 583...
Fetching details for tune 2434...
Fetching details for tune 418...
Fetching details for tune 531...
Fetching details for tune 1529...
Fetching details for tune 466...
Fetching details for tune 1367...
Fetching details for tune 4195...
Fetching details for tune 1117...
Fetching details for tune 1640...
Fetching details for tune 1113...
Fetching details for tune 298...
Fetching details for tune 1532...
Fetching details for tune 5418...
Fetching details for tune 786...
Fetching details for tune 604...
Fetching details for tune 679...
Fetching details for tune 1251...
Fetching details for tune 2681...
Fetching details for tune 1123...
Fetching details for tune 1764...
Fetching details for tune 2290...
Fetching details for tune 1535...
Fetching details for tune 2903...
Fetching details for tune 3835...
Fetching details for tune 5278...
Fetching details for tune 1549...
Fetching details for tune 6057...
Fetching details for tune 1508...
Fetching details for tune 7480...
Fetching details for tune 559...
Fetching details for tune 265...
Fetching details for tune 329...
Fetching details for tune 2327...
Fetching details for tune 1426...
Fetching details for tune 6319...
Fetching details for tune 1560...
Fetching details for tune 4158...
Fetching details for tune 1534...
Fetching details for tune 1169...
Fetching details for tune 1564...
Fetching details for tune 3023...
Fetching details for tune 1524...
Fetching details for tune 2039...
Fetching details for tune 4883...
Fetching details for tune 2379...
Fetching details for tune 393...
Fetching details for tune 14300...
Fetching details for tune 2286...
Fetching details for tune 3454...
Fetching details for tune 1515...
Fetching details for tune 6354...
Fetching details for tune 2479...
Fetching details for tune 331...
Fetching details for tune 1594...
Fetching details for tune 3593...
Fetching details for tune 9584...
Fetching details for tune 2652...
Fetching details for tune 5182...
Fetching details for tune 1820...
Fetching details for tune 534...
Fetching details for tune 2097...
Fetching details for tune 1239...
Fetching details for tune 3228...
Fetching details for tune 2772...
Fetching details for tune 3410...
Fetching details for tune 7359...
Fetching details for tune 6170...
Fetching details for tune 564...
Fetching details for tune 6348...
Fetching details for tune 2669...
Fetching details for tune 1825...
Fetching details for tune 7528...
Fetching details for tune 334...
Fetching details for tune 8895...
Fetching details for tune 6651...
Fetching details for tune 542...
Fetching details for tune 7386...
Fetching details for tune 2147...
Fetching details for tune 7454...
Fetching details for tune 4824...
Fetching details for tune 8516...
Fetching details for tune 1338...
Fetching details for tune 934...
Fetching details for tune 3887...
Fetching details for tune 20383...
Fetching details for tune 3226...
Fetching details for tune 697...
Fetching details for tune 3570...
Fetching details for tune 1658...

Processing type: slide
Fetching slide - page 1...
Fetching slide - page 2...
Fetching details for tune 250...
Fetching details for tune 70...
Fetching details for tune 53...
Fetching details for tune 1398...
Fetching details for tune 159...
Fetching details for tune 23...
Fetching details for tune 1414...
Fetching details for tune 455...
Fetching details for tune 325...
Fetching details for tune 185...
Fetching details for tune 770...
Fetching details for tune 1844...
Fetching details for tune 365...
Fetching details for tune 110...
Fetching details for tune 4176...
Fetching details for tune 14...
Fetching details for tune 2613...
Fetching details for tune 958...
Fetching details for tune 4717...
Fetching details for tune 157...
Fetching details for tune 3256...
Fetching details for tune 641...
Fetching details for tune 4579...
Fetching details for tune 1014...
Fetching details for tune 998...
Fetching details for tune 1765...
Fetching details for tune 664...
Fetching details for tune 9835...
Fetching details for tune 2377...
Fetching details for tune 3287...
Fetching details for tune 1527...
Fetching details for tune 1790...
Fetching details for tune 4805...
Fetching details for tune 2188...
Fetching details for tune 826...
Fetching details for tune 5215...
Fetching details for tune 5327...
Fetching details for tune 3577...
Fetching details for tune 7444...
Fetching details for tune 7617...
Fetching details for tune 2640...
Fetching details for tune 2359...
Fetching details for tune 2288...
Fetching details for tune 7492...
Fetching details for tune 4811...
Fetching details for tune 5169...
Fetching details for tune 7897...
Fetching details for tune 1686...
Fetching details for tune 1614...
Fetching details for tune 5862...
Fetching details for tune 5799...
Fetching details for tune 3735...
Fetching details for tune 1517...
Fetching details for tune 8362...
Fetching details for tune 7467...
Fetching details for tune 5748...
Fetching details for tune 2130...
Fetching details for tune 4344...
Fetching details for tune 4097...
Fetching details for tune 2560...
Fetching details for tune 985...
Fetching details for tune 4036...
Fetching details for tune 4209...
Fetching details for tune 22...
Fetching details for tune 5162...
Fetching details for tune 3441...
Fetching details for tune 1964...
Fetching details for tune 5381...
Fetching details for tune 5945...
Fetching details for tune 5611...
Fetching details for tune 10600...
Fetching details for tune 7541...
Fetching details for tune 2114...
Fetching details for tune 5423...
Fetching details for tune 6253...
Fetching details for tune 20553...
Fetching details for tune 1629...
Fetching details for tune 4971...
Fetching details for tune 5957...
Fetching details for tune 3236...
Fetching details for tune 4153...
Fetching details for tune 10587...
Fetching details for tune 7449...
Fetching details for tune 1682...
Fetching details for tune 8508...
Fetching details for tune 7968...
Fetching details for tune 3829...
Fetching details for tune 11691...
Fetching details for tune 1850...
Fetching details for tune 1519...
Fetching details for tune 2606...
Fetching details for tune 8347...
Fetching details for tune 3112...
Fetching details for tune 9781...
Fetching details for tune 4162...
Fetching details for tune 5627...
Fetching details for tune 4775...
Fetching details for tune 8240...
Fetching details for tune 6518...
Fetching details for tune 2022...

Processing type: waltz
Fetching waltz - page 1...
Fetching waltz - page 2...
Fetching details for tune 449...
Fetching details for tune 211...
Fetching details for tune 4997...
Fetching details for tune 454...
Fetching details for tune 957...
Fetching details for tune 601...
Fetching details for tune 562...
Fetching details for tune 790...
Fetching details for tune 1292...
Fetching details for tune 1016...
Fetching details for tune 1055...
Fetching details for tune 4906...
Fetching details for tune 5020...
Fetching details for tune 3690...
Fetching details for tune 187...
Fetching details for tune 986...
Fetching details for tune 1678...
Fetching details for tune 2575...
Fetching details for tune 1468...
Fetching details for tune 8085...
Fetching details for tune 10668...
Fetching details for tune 4735...
Fetching details for tune 991...
Fetching details for tune 997...
Fetching details for tune 1039...
Fetching details for tune 1559...
Fetching details for tune 814...
Fetching details for tune 1126...
Fetching details for tune 5422...
Fetching details for tune 9747...
Fetching details for tune 540...
Fetching details for tune 1837...
Fetching details for tune 858...
Fetching details for tune 1811...
Fetching details for tune 3191...
Fetching details for tune 4449...
Fetching details for tune 3766...
Fetching details for tune 875...
Fetching details for tune 1085...
Fetching details for tune 1659...
Fetching details for tune 470...
Fetching details for tune 6623...
Fetching details for tune 6944...
Fetching details for tune 7522...
Fetching details for tune 1815...
Fetching details for tune 9635...
Fetching details for tune 7859...
Fetching details for tune 5322...
Fetching details for tune 6999...
Fetching details for tune 896...
Fetching details for tune 3363...
Fetching details for tune 2749...
Fetching details for tune 9559...
Fetching details for tune 3411...
Fetching details for tune 1758...
Fetching details for tune 3809...
Fetching details for tune 6415...
Fetching details for tune 5936...
Fetching details for tune 6388...
Fetching details for tune 243...
Fetching details for tune 5561...
Fetching details for tune 6049...
Fetching details for tune 7077...
Fetching details for tune 1165...
Fetching details for tune 4194...
Fetching details for tune 8973...
Fetching details for tune 6508...
Fetching details for tune 9303...
Fetching details for tune 6939...
Fetching details for tune 3312...
Fetching details for tune 9488...
Fetching details for tune 10545...
Fetching details for tune 5737...
Fetching details for tune 4585...
Fetching details for tune 5067...
Fetching details for tune 8919...
Fetching details for tune 3575...
Fetching details for tune 717...
Fetching details for tune 2555...
Fetching details for tune 4170...
Fetching details for tune 6030...
Fetching details for tune 6788...
Fetching details for tune 5684...
Fetching details for tune 2888...
Fetching details for tune 6500...
Fetching details for tune 1415...
Fetching details for tune 7632...
Fetching details for tune 135...
Fetching details for tune 4232...
Fetching details for tune 4123...
Fetching details for tune 9695...
Fetching details for tune 2458...
Fetching details for tune 6718...
Fetching details for tune 9126...
Fetching details for tune 6192...
Fetching details for tune 6876...
Fetching details for tune 2834...
Fetching details for tune 7264...
Fetching details for tune 6479...
Fetching details for tune 6375...

Processing type: barndance
Fetching barndance - page 1...
Fetching barndance - page 2...
Fetching details for tune 1307...
Fetching details for tune 1615...
Fetching details for tune 2067...
Fetching details for tune 444...
Fetching details for tune 4577...
Fetching details for tune 3890...
Fetching details for tune 1376...
Fetching details for tune 162...
Fetching details for tune 14109...
Fetching details for tune 10655...
Fetching details for tune 3125...
Fetching details for tune 1936...
Fetching details for tune 2177...
Fetching details for tune 163...
Fetching details for tune 2938...
Fetching details for tune 1726...
Fetching details for tune 2228...
Fetching details for tune 670...
Fetching details for tune 8547...
Fetching details for tune 3352...
Fetching details for tune 3053...
Fetching details for tune 2998...
Fetching details for tune 6756...
Fetching details for tune 1221...
Fetching details for tune 2223...
Fetching details for tune 246...
Fetching details for tune 2908...
Fetching details for tune 2997...
Fetching details for tune 2094...
Fetching details for tune 11275...
Fetching details for tune 2380...
Fetching details for tune 1984...
Fetching details for tune 7502...
Fetching details for tune 11447...
Fetching details for tune 1920...
Fetching details for tune 8132...
Fetching details for tune 252...
Fetching details for tune 16307...
Fetching details for tune 7205...
Fetching details for tune 3376...
Fetching details for tune 17221...
Fetching details for tune 10006...
Fetching details for tune 3469...
Fetching details for tune 9927...
Fetching details for tune 5880...
Fetching details for tune 3489...
Fetching details for tune 5233...
Fetching details for tune 5325...
Fetching details for tune 1094...
Fetching details for tune 7317...
Fetching details for tune 9030...
Fetching details for tune 9691...
Fetching details for tune 11295...
Fetching details for tune 12492...
Fetching details for tune 10003...
Fetching details for tune 5410...
Fetching details for tune 7699...
Fetching details for tune 1603...
Fetching details for tune 3180...
Fetching details for tune 1924...
Fetching details for tune 3860...
Fetching details for tune 7851...
Fetching details for tune 1088...
Fetching details for tune 4321...
Fetching details for tune 12776...
Fetching details for tune 6657...
Fetching details for tune 9984...
Fetching details for tune 3461...
Fetching details for tune 5782...
Fetching details for tune 5858...
Fetching details for tune 2429...
Fetching details for tune 9048...
Fetching details for tune 6101...
Fetching details for tune 11871...
Fetching details for tune 3727...
Fetching details for tune 4556...
Fetching details for tune 3462...
Fetching details for tune 9993...
Fetching details for tune 4695...
Fetching details for tune 5138...
Fetching details for tune 8092...
Fetching details for tune 5497...
Fetching details for tune 3249...
Fetching details for tune 2891...
Fetching details for tune 17441...
Fetching details for tune 4223...
Fetching details for tune 7312...
Fetching details for tune 9267...
Fetching details for tune 4765...
Fetching details for tune 7780...
Fetching details for tune 4183...
Fetching details for tune 13304...
Fetching details for tune 6099...
Fetching details for tune 7764...
Fetching details for tune 1563...
Fetching details for tune 3384...
Fetching details for tune 7642...
Fetching details for tune 972...
Fetching details for tune 18902...
Fetching details for tune 17172...

Processing type: strathspey
Fetching strathspey - page 1...
Fetching strathspey - page 2...
Fetching details for tune 3016...
Fetching details for tune 1746...
Fetching details for tune 647...
Fetching details for tune 170...
Fetching details for tune 802...
Fetching details for tune 1557...
Fetching details for tune 1114...
Fetching details for tune 1990...
Fetching details for tune 2695...
Fetching details for tune 1749...
Fetching details for tune 172...
Fetching details for tune 3637...
Fetching details for tune 173...
Fetching details for tune 1762...
Fetching details for tune 5767...
Fetching details for tune 3007...
Fetching details for tune 3092...
Fetching details for tune 655...
Fetching details for tune 1556...
Fetching details for tune 2068...
Fetching details for tune 2319...
Fetching details for tune 1275...
Fetching details for tune 3084...
Fetching details for tune 4862...
Fetching details for tune 654...
Fetching details for tune 3626...
Fetching details for tune 203...
Fetching details for tune 5610...
Fetching details for tune 5248...
Fetching details for tune 1951...
Fetching details for tune 171...
Fetching details for tune 5335...
Fetching details for tune 4400...
Fetching details for tune 5324...
Fetching details for tune 6271...
Fetching details for tune 4710...
Fetching details for tune 3262...
Fetching details for tune 1828...
Fetching details for tune 1876...
Fetching details for tune 5581...
Fetching details for tune 14498...
Fetching details for tune 4043...
Fetching details for tune 6666...
Fetching details for tune 2823...
Fetching details for tune 2986...
Fetching details for tune 4678...
Fetching details for tune 2091...
Fetching details for tune 6031...
Fetching details for tune 3109...
Fetching details for tune 1919...
Fetching details for tune 3012...
Fetching details for tune 2679...
Fetching details for tune 1650...
Fetching details for tune 7681...
Fetching details for tune 2045...
Fetching details for tune 11771...
Fetching details for tune 3526...
Fetching details for tune 3163...
Fetching details for tune 2305...
Fetching details for tune 5729...
Fetching details for tune 10313...
Fetching details for tune 11801...
Fetching details for tune 4888...
Fetching details for tune 4882...
Fetching details for tune 7033...
Fetching details for tune 2514...
Fetching details for tune 5887...
Fetching details for tune 1633...
Fetching details for tune 4272...
Fetching details for tune 2461...
Fetching details for tune 12058...
Fetching details for tune 3034...
Fetching details for tune 1639...
Fetching details for tune 5597...
Fetching details for tune 6265...
Fetching details for tune 11191...
Fetching details for tune 2373...
Fetching details for tune 8267...
Fetching details for tune 597...
Fetching details for tune 5110...
Fetching details for tune 7637...
Fetching details for tune 2029...
Fetching details for tune 8923...
Fetching details for tune 1455...
Fetching details for tune 2971...
Fetching details for tune 5453...
Fetching details for tune 7470...
Fetching details for tune 4111...
Fetching details for tune 12668...
Fetching details for tune 4402...
Fetching details for tune 8537...
Fetching details for tune 5725...
Fetching details for tune 6366...
Fetching details for tune 9092...
Fetching details for tune 7308...
Fetching details for tune 1315...
Fetching details for tune 4262...
Fetching details for tune 2918...
Fetching details for tune 7248...
Fetching details for tune 7965...

Processing type: three-two
Fetching three-two - page 1...
Fetching three-two - page 2...
Fetching details for tune 2081...
Fetching details for tune 5151...
Fetching details for tune 1208...
Fetching details for tune 5976...
Fetching details for tune 7431...
Fetching details for tune 1194...
Fetching details for tune 7482...
Fetching details for tune 8138...
Fetching details for tune 8145...
Fetching details for tune 8915...
Fetching details for tune 2208...
Fetching details for tune 5706...
Fetching details for tune 7365...
Fetching details for tune 15066...
Fetching details for tune 9911...
Fetching details for tune 7962...
Fetching details for tune 7194...
Fetching details for tune 1211...
Fetching details for tune 5468...
Fetching details for tune 6254...
Fetching details for tune 9866...
Fetching details for tune 3663...
Fetching details for tune 8507...
Fetching details for tune 7436...
Fetching details for tune 6962...
Fetching details for tune 12470...
Fetching details for tune 9338...
Fetching details for tune 10194...
Fetching details for tune 4124...
Fetching details for tune 11582...
Fetching details for tune 6300...
Fetching details for tune 13880...
Fetching details for tune 6294...
Fetching details for tune 6157...
Fetching details for tune 1240...
Fetching details for tune 8211...
Fetching details for tune 4134...
Fetching details for tune 12230...
Fetching details for tune 12627...
Fetching details for tune 9041...
Fetching details for tune 14105...
Fetching details for tune 2796...
Fetching details for tune 8806...
Fetching details for tune 3024...
Fetching details for tune 13930...
Fetching details for tune 10911...
Fetching details for tune 9038...
Fetching details for tune 15065...
Fetching details for tune 18308...
Fetching details for tune 10501...
Fetching details for tune 10464...
Fetching details for tune 10062...
Fetching details for tune 7434...
Fetching details for tune 10900...
Fetching details for tune 8615...
Fetching details for tune 13428...
Fetching details for tune 7086...
Fetching details for tune 12670...
Fetching details for tune 14158...
Fetching details for tune 4227...
Fetching details for tune 4369...
Fetching details for tune 6080...
Fetching details for tune 20550...
Fetching details for tune 12195...
Fetching details for tune 6256...
Fetching details for tune 8309...
Fetching details for tune 7494...
Fetching details for tune 4135...
Fetching details for tune 13990...
Fetching details for tune 12217...
Fetching details for tune 14159...
Fetching details for tune 9533...
Fetching details for tune 7201...
Fetching details for tune 6304...
Fetching details for tune 9287...
Fetching details for tune 6542...
Fetching details for tune 23664...
Fetching details for tune 11221...
Fetching details for tune 6878...
Fetching details for tune 17725...
Fetching details for tune 9544...
Fetching details for tune 17824...
Fetching details for tune 12813...
Fetching details for tune 11662...
Fetching details for tune 12250...
Fetching details for tune 16047...
Fetching details for tune 6325...
Fetching details for tune 18889...
Fetching details for tune 10482...
Fetching details for tune 18507...
Fetching details for tune 12426...
Fetching details for tune 21626...
Fetching details for tune 14373...
Fetching details for tune 1259...
Fetching details for tune 22171...
Fetching details for tune 14259...
Fetching details for tune 3667...
Fetching details for tune 18618...
Fetching details for tune 12204...
Fetching details for tune 17310...

Processing type: mazurka
Fetching mazurka - page 1...
Fetching mazurka - page 2...
Fetching details for tune 5476...
Fetching details for tune 2320...
Fetching details for tune 1276...
Fetching details for tune 1323...
Fetching details for tune 8237...
Fetching details for tune 1332...
Fetching details for tune 5883...
Fetching details for tune 3076...
Fetching details for tune 3001...
Fetching details for tune 7885...
Fetching details for tune 2497...
Fetching details for tune 5231...
Fetching details for tune 9688...
Fetching details for tune 6047...
Fetching details for tune 7355...
Fetching details for tune 1908...
Fetching details for tune 8394...
Fetching details for tune 2399...
Fetching details for tune 8601...
Fetching details for tune 16181...
Fetching details for tune 3293...
Fetching details for tune 6634...
Fetching details for tune 8970...
Fetching details for tune 7560...
Fetching details for tune 1302...
Fetching details for tune 9499...
Fetching details for tune 5082...
Fetching details for tune 2171...
Fetching details for tune 8758...
Fetching details for tune 9182...
Fetching details for tune 7364...
Fetching details for tune 7125...
Fetching details for tune 6356...
Fetching details for tune 11553...
Fetching details for tune 8723...
Fetching details for tune 5052...
Fetching details for tune 4503...
Fetching details for tune 3522...
Fetching details for tune 3617...
Fetching details for tune 8073...
Fetching details for tune 1328...
Fetching details for tune 3305...
Fetching details for tune 3343...
Fetching details for tune 5644...
Fetching details for tune 10026...
Fetching details for tune 23304...
Fetching details for tune 7487...
Fetching details for tune 11655...
Fetching details for tune 4523...
Fetching details for tune 3316...
Fetching details for tune 3313...
Fetching details for tune 13261...
Fetching details for tune 4893...
Fetching details for tune 12129...
Fetching details for tune 3708...
Fetching details for tune 9402...
Fetching details for tune 10568...
Fetching details for tune 15556...
Fetching details for tune 10543...
Fetching details for tune 9035...
Fetching details for tune 8163...
Fetching details for tune 5355...
Fetching details for tune 3298...
Fetching details for tune 20812...
Fetching details for tune 5685...
Fetching details for tune 4347...
Fetching details for tune 5352...
Fetching details for tune 13641...
Fetching details for tune 3692...
Fetching details for tune 7362...
Fetching details for tune 7613...
Fetching details for tune 17868...
Fetching details for tune 6779...
Fetching details for tune 14164...
Fetching details for tune 9632...
Fetching details for tune 6073...
Fetching details for tune 7633...
Fetching details for tune 8954...
Fetching details for tune 10236...
Fetching details for tune 8956...
Fetching details for tune 14307...
Fetching details for tune 10079...
Fetching details for tune 9980...
Fetching details for tune 10544...
Fetching details for tune 3694...
Fetching details for tune 10468...
Fetching details for tune 16559...
Fetching details for tune 11096...
Fetching details for tune 12944...
Fetching details for tune 11828...
Fetching details for tune 1319...
Fetching details for tune 5855...
Fetching details for tune 11672...
Fetching details for tune 16740...
Fetching details for tune 24113...
Fetching details for tune 3286...
Fetching details for tune 15563...
Fetching details for tune 11810...
Fetching details for tune 23365...
Fetching details for tune 16458...

Processing type: schottische
Fetching schottische - page 1...
Fetching schottische - page 2...
Fetching details for tune 27...
Fetching details for tune 55...
Fetching details for tune 1...
Fetching details for tune 10...
Fetching details for tune 71...
Fetching details for tune 182...
Fetching details for tune 9...
Fetching details for tune 64...
Fetching details for tune 108...
Fetching details for tune 8...
Fetching details for tune 116...
Fetching details for tune 248...
Fetching details for tune 73...
Fetching details for tune 19...
Fetching details for tune 5...
Fetching details for tune 106...
Fetching details for tune 83...
Fetching details for tune 475...
Fetching details for tune 52...
Fetching details for tune 49...
Fetching details for tune 60...
Fetching details for tune 42...
Fetching details for tune 449...
Fetching details for tune 62...
Fetching details for tune 98...
Fetching details for tune 68...
Fetching details for tune 103...
Fetching details for tune 74...
Fetching details for tune 12...
Fetching details for tune 15...
Fetching details for tune 651...
Fetching details for tune 197...
Fetching details for tune 30...
Fetching details for tune 211...
Fetching details for tune 20...
Fetching details for tune 111...
Fetching details for tune 72...
Fetching details for tune 208...
Fetching details for tune 113...
Fetching details for tune 92...
Fetching details for tune 441...
Fetching details for tune 2...
Fetching details for tune 69...
Fetching details for tune 75...
Fetching details for tune 118...
Fetching details for tune 750...
Fetching details for tune 76...
Fetching details for tune 250...
Fetching details for tune 702...
Fetching details for tune 1075...
Fetching details for tune 221...
Fetching details for tune 517...
Fetching details for tune 256...
Fetching details for tune 67...
Fetching details for tune 793...
Fetching details for tune 589...
Fetching details for tune 70...
Fetching details for tune 593...
Fetching details for tune 141...
Fetching details for tune 566...
Fetching details for tune 29...
Fetching details for tune 39...
Fetching details for tune 582...
Fetching details for tune 511...
Fetching details for tune 727...
Fetching details for tune 88...
Fetching details for tune 21...
Fetching details for tune 482...
Fetching details for tune 33...
Fetching details for tune 307...
Fetching details for tune 4997...
Fetching details for tune 107...
Fetching details for tune 636...
Fetching details for tune 462...
Fetching details for tune 381...
Fetching details for tune 543...
Fetching details for tune 560...
Fetching details for tune 447...
Fetching details for tune 544...
Fetching details for tune 86...
Fetching details for tune 35...
Fetching details for tune 222...
Fetching details for tune 518...
Fetching details for tune 399...
Fetching details for tune 114...
Fetching details for tune 454...
Fetching details for tune 87...
Fetching details for tune 43...
Fetching details for tune 430...
Fetching details for tune 26...
Fetching details for tune 89...
Fetching details for tune 2410...
Fetching details for tune 646...
Fetching details for tune 138...
Fetching details for tune 56...
Fetching details for tune 18...
Fetching details for tune 115...
Fetching details for tune 432...
Fetching details for tune 45...
Fetching details for tune 109...

Finished! Total tunes fetched: 1200
